<?xml version="1.0" encoding="UTF-8"?>
<!-- Generated by org.testng.reporters.JUnitReportReporter -->
<testsuite hostname="LAPTOP-BU5UP52J" failures="0" tests="3" name="Selenium_all_Programs.Selenium_all_Programs.NewTest" time="0.009" errors="0" timestamp="2022-10-27T12:31:24 IST" skipped="0">
  <testcase classname="Selenium_all_Programs.Selenium_all_Programs.NewTest" name="setData" time="0.006"/>
  <system-out/>
  <testcase classname="Selenium_all_Programs.Selenium_all_Programs.NewTest" name="setData" time="0.002"/>
  <system-out/>
  <testcase classname="Selenium_all_Programs.Selenium_all_Programs.NewTest" name="setData" time="0.001"/>
  <system-out/>
</testsuite> <!-- Selenium_all_Programs.Selenium_all_Programs.NewTest -->
